<?xml version="1.0" encoding="UTF-8"?>
<!-- Generated by org.testng.reporters.JUnitReportReporter -->
<testsuite skipped="0" hostname="DESKTOP-E6L931O" name="com.rocketmiles.search.SearchTest" tests="8" failures="0" timestamp="30 Apr 2019 22:54:09 GMT" time="93.741" errors="0">
  <testcase name="locationRequired" time="10.281" classname="com.rocketmiles.search.SearchTest"/>
  <testcase name="locationVerification" time="13.161" classname="com.rocketmiles.search.SearchTest"/>
  <testcase name="rewardProgramRequired" time="10.100" classname="com.rocketmiles.search.SearchTest"/>
  <testcase name="RewardProgramVerification" time="12.420" classname="com.rocketmiles.search.SearchTest"/>
  <testcase name="checkinVerification" time="12.118" classname="com.rocketmiles.search.SearchTest"/>
  <testcase name="checkoutVerification" time="12.767" classname="com.rocketmiles.search.SearchTest"/>
  <testcase name="guestsVerification" time="11.388" classname="com.rocketmiles.search.SearchTest"/>
  <testcase name="roomVerification" time="11.506" classname="com.rocketmiles.search.SearchTest"/>
</testsuite> <!-- com.rocketmiles.search.SearchTest -->
