<?xml version="1.0" encoding="UTF-8"?>
<!-- Generated by org.testng.reporters.JUnitReportReporter -->
<testsuite skipped="0" hostname="DESKTOP-E6L931O" name="com.rocketmiles.search.DefaultTest" tests="1" failures="0" timestamp="30 Apr 2019 21:43:45 GMT" time="34.479" errors="0">
  <testcase name="roomVerification" time="34.479" classname="com.rocketmiles.search.DefaultTest"/>
</testsuite> <!-- com.rocketmiles.search.DefaultTest -->
